
Status: FAILED!
Check: 1
Test: Sufficient funds case 1
Reason: Unable to find '['750', '450.0', '0.0']' in the program's output.
Balance: $750
Withdrawing: $
.
Error : AssertionError - Unable to find a number close enough to 450.0 (+/-0.00) in the program's output.
Timestamp: 2025-02-10 03:19:18.131504

Status: PASSED!
Check: 2
Test: Sufficient funds case 1 final account balance
Reason: 450.00 + ` was found in the program.None
Timestamp: 2025-02-10 03:19:18.131730
