
Status: FAILED!
Check: 1
Test: Divide by 0 test 1
Reason: Unable to find '['error']' in the program's output.
Invalid operator
.
Error : AssertionError - Unable to find ERROR|Error|error in the program's output.
Timestamp: 2025-02-10 02:33:45.226333
