
Status: FAILED!
Check: 1
Test: Correct variable values printed to screen
Reason: Unable to find '['(125)(?!\\d)', '(28)(?!\\d)', '(\\-25)(?!\\d)', '(42)(?!\\d)']' in the program's output.
.
Error : AssertionError - Unable to find (125)(?!\d) in the program's output.
Timestamp: 2025-01-19 17:21:09.129073
