
Status: FAILED!
Check: 1
Test: 
Reason: 
Error : RuntimeError - There was an issue compiling the c++ files.
Timestamp: 2025-02-02 04:01:45.522424

Status: FAILED!
Check: 2
Test: 
Reason: 
Error : RuntimeError - There was an issue compiling the c++ files.
Timestamp: 2025-02-02 04:01:45.522552
