
Status: FAILED!
Check: 1
Test: Decimal format
Reason: Unable to find 'setprecision(2)' in the program.
Error : str - AssertionError
Timestamp: 2025-02-02 17:49:58.090731
